<?xml version="1.0" encoding="UTF-8"?>
<!-- Generated by org.testng.reporters.JUnitXMLReporter -->
<testsuite ignored="0" hostname="LAPTOP-PNT03NCT" failures="0" tests="2" name="Test" time="0.142" errors="0" timestamp="2023-02-05T14:21:04 SGT">
  <testcase classname="com.sddevops.xjjt3.eclipse.NewTest" name="@BeforeTest beforeTest" time="0.071">
    <failure type="java.lang.IllegalStateException" message="The driver executable must exist: C:\Program Files\Google\Chrome\chromedriver.exe">
      <![CDATA[java.lang.IllegalStateException: The driver executable must exist: C:\Program Files\Google\Chrome\chromedriver.exe
at org.openqa.selenium.internal.Require$FileStateChecker.isFile(Require.java:345)
at org.openqa.selenium.remote.service.DriverService.checkExecutable(DriverService.java:161)
at org.openqa.selenium.remote.service.DriverService.findExecutable(DriverService.java:156)
at org.openqa.selenium.chrome.ChromeDriverService.access$000(ChromeDriverService.java:42)
at org.openqa.selenium.chrome.ChromeDriverService$Builder.findDefaultExecutable(ChromeDriverService.java:315)
at org.openqa.selenium.remote.service.DriverService$Builder.build(DriverService.java:456)
at org.openqa.selenium.chrome.ChromeDriverService.createDefaultService(ChromeDriverService.java:147)
at org.openqa.selenium.chrome.ChromeDriver.<init>(ChromeDriver.java:50)
at com.sddevops.xjjt3.eclipse.NewTest.beforeTest(NewTest.java:55)
... Removed 22 stack frames]]>
    </failure>
  </testcase> <!-- @BeforeTest beforeTest -->
  <testcase classname="com.sddevops.xjjt3.eclipse.NewTest" name="@AfterTest afterTest" time="0.0">
    <skipped/>
  </testcase> <!-- @AfterTest afterTest -->
  <testcase classname="com.sddevops.xjjt3.eclipse.NewTest" name="checkId" time="0.0">
    <skipped/>
  </testcase> <!-- checkId -->
  <testcase classname="com.sddevops.xjjt3.eclipse.NewTest" name="checkTitle" time="0.0">
    <skipped/>
  </testcase> <!-- checkTitle -->
</testsuite> <!-- Test -->
